Arguments: 
  /data/data/com.termux/files/usr/bin/node /data/data/com.termux/files/usr/share/yarn/bin/yarn.js

PATH: 
  /data/data/com.termux/files/usr/bin:/data/data/com.termux/files/usr/bin/applets

Yarn version: 
  1.22.19

Node version: 
  18.10.0

Platform: 
  android arm64

Trace: 
  Error: EPERM: operation not permitted, symlink '../../../../pino/bin.js' -> '/storage/emulated/0/virtual/Notes/botini/node_modules/@adiwajshing/baileys/node_modules/.bin/pino'

npm manifest: 
  {
    "name": "rimurubot",
    "version": "1.0.0",
    "description": 42,
    "main": "index.js",
    "scripts": {  
      "test": "echo \"Error: no test specified\" && exit 1"
    },
    "keywords": [
      "bot-wa",
      "bot-whatsapp",
      "multidevice",
      "multi-device"
    ],
    "author": "Rimurubotz",
    "license": "ISC",
    "dependencies": {
      "@adiwajshing/baileys": "^4.4.0",     
      "@adiwajshing/keyed-db": "^0.2.4",
      "cfonts": "^2.10.0",
      "figlet":"^1.5.2",
      "xfarr-api": "^2.0.0",
      "chalk": "2.4.1", 
      "@trufflesuite/spinnies":"^0.1.1",
      "chalk-animation": "^1.6.0",
      "colors": "^1.4.0",
      "image-to-base64": "^2.1.1",
      "phone": "^3.1.28",
      "fluent-ffmpeg": "^2.1.2",
      "moment-timezone": "^0.5.34",
      "node-fetch": "2.6.1",
      "qrcode-terminal": "^0.12.0",
      "caliph-api":"^0.9.4",
      "request": "^2.88.2"
    }
  }

yarn manifest: 
  No manifest

Lockfile: 
  No lockfile
